<?xml version="1.0" encoding="UTF-8"?>
<robot generator="Robot 4.1.3 (Python 3.10.1 on win32)" generated="20220126 15:44:37.727" rpa="false" schemaversion="2">
<suite id="s1" name="Wwww" source="C:\WorkSpace\Pycharmlibraries\Tests\wwww.robot">
<test id="s1-t1" name="Logged out user can add product to cart">
<kw name="Begin Web Test" library="Common" type="SETUP">
<kw name="Open Browser" library="SeleniumLibrary">
<arg>about:blank</arg>
<arg>${BROWSER}</arg>
<doc>Opens a new browser instance to the optional ``url``.</doc>
<msg timestamp="20220126 15:44:38.070" level="INFO">Opening browser 'chrome' to base url 'about:blank'.</msg>
<status status="PASS" starttime="20220126 15:44:38.069" endtime="20220126 15:44:39.572"/>
</kw>
<status status="PASS" starttime="20220126 15:44:38.068" endtime="20220126 15:44:39.573"/>
</kw>
<kw name="Search for the Products" library="AmazonApp">
<kw name="Load" library="LandingPage">
<kw name="Go To" library="SeleniumLibrary">
<arg>${START_URL}</arg>
<doc>Navigates the current browser window to the provided ``url``.</doc>
<msg timestamp="20220126 15:44:39.575" level="INFO">Opening url 'https://www.amazon.com'</msg>
<status status="PASS" starttime="20220126 15:44:39.575" endtime="20220126 15:44:42.475"/>
</kw>
<status status="PASS" starttime="20220126 15:44:39.574" endtime="20220126 15:44:42.475"/>
</kw>
<kw name="Verify Page Loaded" library="LandingPage">
<kw name="Wait Until Page Contains" library="SeleniumLibrary">
<arg>Sell</arg>
<doc>Waits until ``text`` appears on the current page.</doc>
<status status="PASS" starttime="20220126 15:44:42.476" endtime="20220126 15:44:42.501"/>
</kw>
<status status="PASS" starttime="20220126 15:44:42.475" endtime="20220126 15:44:42.501"/>
</kw>
<kw name="Search for Products" library="TopNav">
<kw name="Enter Search Term" library="TopNav">
<kw name="Input Text" library="SeleniumLibrary">
<arg>id=twotabsearchtextbox</arg>
<arg>${SEARCH_TERM}</arg>
<doc>Types the given ``text`` into the text field identified by ``locator``.</doc>
<msg timestamp="20220126 15:44:42.502" level="INFO">Typing text 'Ferrari 555' into text field 'id=twotabsearchtextbox'.</msg>
<status status="PASS" starttime="20220126 15:44:42.502" endtime="20220126 15:44:42.669"/>
</kw>
<status status="PASS" starttime="20220126 15:44:42.502" endtime="20220126 15:44:42.669"/>
</kw>
<kw name="Submit Search" library="TopNav">
<kw name="Click Button" library="SeleniumLibrary">
<arg>xpath=//*[@id="nav-search"]/form/div[2]/div/input</arg>
<doc>Clicks the button identified by ``locator``.</doc>
<msg timestamp="20220126 15:44:42.670" level="INFO">Clicking button 'xpath=//*[@id="nav-search"]/form/div[2]/div/input'.</msg>
<status status="PASS" starttime="20220126 15:44:42.670" endtime="20220126 15:44:42.754"/>
</kw>
<status status="PASS" starttime="20220126 15:44:42.669" endtime="20220126 15:44:42.754"/>
</kw>
<status status="PASS" starttime="20220126 15:44:42.501" endtime="20220126 15:44:42.754"/>
</kw>
<kw name="Verify Search Completed" library="SearchResults">
<msg timestamp="20220126 15:44:42.755" level="FAIL">User keyword 'Verify Search Completed' contains no keywords.</msg>
<status status="FAIL" starttime="20220126 15:44:42.754" endtime="20220126 15:44:42.755"/>
</kw>
<status status="FAIL" starttime="20220126 15:44:39.573" endtime="20220126 15:44:42.756"/>
</kw>
<kw name="Select Product from Search Results" library="AmazonApp">
<status status="NOT RUN" starttime="20220126 15:44:42.756" endtime="20220126 15:44:42.756"/>
</kw>
<kw name="Add Product to Cart" library="AmazonApp">
<status status="NOT RUN" starttime="20220126 15:44:42.756" endtime="20220126 15:44:42.757"/>
</kw>
<kw name="End Web Test" library="Common" type="TEARDOWN">
<kw name="Close Browser" library="SeleniumLibrary">
<doc>Closes the current browser.</doc>
<status status="PASS" starttime="20220126 15:44:42.758" endtime="20220126 15:44:45.191"/>
</kw>
<status status="PASS" starttime="20220126 15:44:42.757" endtime="20220126 15:44:45.191"/>
</kw>
<tag>Web1</tag>
<status status="FAIL" starttime="20220126 15:44:38.067" endtime="20220126 15:44:45.192">User keyword 'Verify Search Completed' contains no keywords.</status>
</test>
<doc>These are some web tests</doc>
<status status="FAIL" starttime="20220126 15:44:37.731" endtime="20220126 15:44:45.196"/>
</suite>
<statistics>
<total>
<stat pass="0" fail="1" skip="0">All Tests</stat>
</total>
<tag>
<stat pass="0" fail="1" skip="0">Web1</stat>
</tag>
<suite>
<stat pass="0" fail="1" skip="0" id="s1" name="Wwww">Wwww</stat>
</suite>
</statistics>
<errors>
</errors>
</robot>
